{
	"resource": [
		{
			"name": "虾米",
			"url": "https://jx.xmflv.com/?url="
		},
		{
			"name": "OK解析",
			"url": "https://okjx.cc/?url="
		},
		{
			"name": "B站1",
			"url": "https://jx.jsonplayer.com/player/?url="
		},
		{
			"name": "爱豆",
			"url": "https://jx.aidouer.net/?url="
		},
		{
			"name": "CK",
			"url": "https://www.ckplayer.vip/jiexi/?url="
		},
		{
			"name": "BL",
			"url": "https://vip.bljiex.com/?v="
		}
	],
	"drama": [
		{
			"name": "*** 电影 ***",
			"base": "",
			"episode": [
				{"title": "阿甘正传", "url": "https://www.iqiyi.com/v_19rqpqcijk.html"},
				{"title": "三大队", "url": "https://v.qq.com/x/cover/mzc00200lobmhjn/x0048rl37js.html"},
				{"title": "波士顿连环命案", "url": "https://v.qq.com/x/cover/mzc002001p1wwol/m00470kxt6m.html"}
			]
		},
		{
			"name": "对手",
			"base": "https://www.iqiyi.com/",
			"episode": [
				{"title": "1. 李唐追查幺鸡下落", "url": "vv_22epz7s120c.html"},
				{"title": "2. 李唐林彧接头", "url": "v_h5xjovl4po.html"},
				{"title": "3. 李唐找到幺鸡", "url": "v_111kssbejdo.html"},
				{"title": "4. 段迎九找到丁美兮", "url": "v_yuasnid68g.html"},
				{"title": "5. 李唐丁美兮装窃听器", "url": "v_ypgy1mcnig.html"},
				{"title": "6. 段迎九李唐碰面", "url": "v_18481aekczk.html"},
				{"title": "7. 丁美兮报复金世达", "url": "v_1yexcpkjmlk.html"},
				{"title": "8. 李唐烧幺鸡老房子", "url": "v_25nx3njihyk.html"},
				{"title": "9. 段迎九带人追捕林彧", "url": "v_13fyuv19cag.html"},
				{"title": "10. 丁晓禾看到李唐接头", "url": "v_dm4v6fzplg.html"},
				{"title": "11. 李唐帮丁美兮追本金", "url": "v_2bcta84i9zc.html"},
				{"title": "12. 李唐丁美兮联手设局", "url": "v_16rx9cr4lss.html"},
				{"title": "13. 李唐发现林彧心机重", "url": "v_umsfqyxuq8.html"},
				{"title": "14. 李唐服用引发心脏病药物", "url": "v_1kc96rtu69w.html"},
				{"title": "15. 李唐丁美兮假装吵架", "url": "v_1xauw19g8t4.html"},
				{"title": "16. 火传鲁纠缠丁美兮", "url": "v_1ir9t857pv4.html"},
				{"title": "17. 段迎九试探李唐丁美兮", "url": "v_2ds727dr13w.html"},
				{"title": "18. 李唐丁美兮决定离婚", "url": "v_1hn0p08585s.html"},
				{"title": "19. 李唐接到小婷", "url": "v_j6lsd4p0f4.html"},
				{"title": "20. 丁美兮李小满搬走", "url": "v_r5ngfvdfzg.html"},
				{"title": "21. 刘晓华约丁美兮见面", "url": "v_1jknpk5moro.html"},
				{"title": "22. 李唐向林彧要钱", "url": "v_25omk9fqh40.html"},
				{"title": "23. 李唐被人注射药物", "url": "v_dlvs5yeido.html"},
				{"title": "24. 丁美兮报警找李唐", "url": "v_1xx9yr660ns.html"},
				{"title": "25. 丁美兮终于见到李唐", "url": "v_1l675ldyg4k.html"},
				{"title": "26. 段迎九质问李唐丁美兮", "url": "v_q9dnpt68s4.html"},
				{"title": "27. 丁美兮带李小满逃亡", "url": "v_1d5rwqphgqc.html"},
				{"title": "28. 段迎九林彧再交锋", "url": "v_xkicyw7vhg.html"},
				{"title": "29. 丁美兮命悬一线", "url": "v_d4eizc8qlo.html"},
				{"title": "30. 朱慧黄海柳暗花明", "url": "v_j27w2uow4w.html"},
				{"title": "31. 李唐闯民宅蒙混过关", "url": "v_14p8zgsqab8.html"},
				{"title": "32. 段迎九逆用小婷", "url": "v_d6iye6sl8w.html"},
				{"title": "33. 李唐解开幺鸡密码", "url": "v_16z8iapnh8w.html"},
				{"title": "34. 李唐暴露诀别丁美兮", "url": "v_2fan4ebrcd8.html"},
				{"title": "35. 李唐涉嫌杀人被捕", "url": "v_b5j5oss1c8.html"},
				{"title": "36. 段迎九觉察案件蹊跷", "url": "v_20okt39y2ms.html"},
				{"title": "37. 厦州间谍被一网打尽", "url": "v_1z0u9kuh4g0.html"}
			]
		},
		{
			"name": "生死钟声",
			"base": "https://v.qq.com/x/cover/mzc002005dbpns1/",
			"episode": [
				{"title": "第1集", "url": "m00428e17fz.html"},
				{"title": "第2集", "url": "u0042ein5n2.html"},
				{"title": "第3集", "url": "a00425k37of.html"},
				{"title": "第4集", "url": "c0042ab8d97.html"},
				{"title": "第5集", "url": "g004224b45j.html"},
				{"title": "第6集", "url": "j00422luymo.html"},
				{"title": "第7集", "url": "j0042ez68ot.html"},
				{"title": "第8集", "url": "q0042fmr1zo.html"},
				{"title": "第9集", "url": "v004215r38y.html"},
				{"title": "第10集", "url": "t0042lhx51p.html"},
				{"title": "第11集", "url": "y0042zkeyr9.html"},
				{"title": "第12集", "url": "i0042b49ay0.html"},
				{"title": "第13集", "url": "d00420kxl94.html"},
				{"title": "第14集", "url": "z0042wu4gzm.html"},
				{"title": "第15集", "url": "n00426aokrg.html"},
				{"title": "第16集", "url": "t00429p313m.html"},
				{"title": "第17集", "url": "a0042dzml0n.html"},
				{"title": "第18集", "url": "j0042ilwlc3.html"},
				{"title": "第19集", "url": "t004250v6eh.html"},
				{"title": "第20集", "url": "o0042t2s6cs.html"},
				{"title": "第21集", "url": "d0042cahx1u.html"},
				{"title": "第22集", "url": "n00422ydgu7.html"},
				{"title": "第23集", "url": "i00424f8sin.html"},
				{"title": "第24集", "url": "u0042pmjtur.html"},
				{"title": "第25集", "url": "t004239nzwa.html"},
				{"title": "第26集", "url": "y00425pkzx0.html"},
				{"title": "第27集", "url": "z00422od47z.html"},
				{"title": "第28集", "url": "f0042w8lbul.html"},
				{"title": "第29集", "url": "w00420tg2xf.html"},
				{"title": "第30集", "url": "u0042q03fbu.html"}
			]
		},
		{
			"name": "开端",
			"base": "https://v.qq.com/x/cover/mzc00200mp8vo9b/",
			"episode": [
				{"title": "第 1 集", "url": "n0041aa087e.html"},
				{"title": "第 2 集", "url": "y0041hif2qg.html"},
				{"title": "第 3 集", "url": "t0041io2oun.html"},
				{"title": "第 4 集", "url": "q0041km1qdw.html"},
				{"title": "第 5 集", "url": "v00419zggaq.html"},
				{"title": "第 6 集", "url": "u004137wwpn.html"},
				{"title": "第 7 集", "url": "o004113m654.html"},
				{"title": "第 8 集", "url": "n0041agz3nj.html"},
				{"title": "第 9 集", "url": "e0041g4ig0q.html"},
				{"title": "第 10 集", "url": "k0041rkp9jq.html"},
				{"title": "第 11 集", "url": "v0041ubssc9.html"},
				{"title": "第 12 集", "url": "m00415j76yy.html"},
				{"title": "第 13 集", "url": "k00419bgcnx.html"},
				{"title": "第 14 集", "url": "j0041bc5ulb.html"},
				{"title": "第 15 集", "url": "x0041qqe42w.html"}
			]
		},
		{
			"name": "谁是凶手",
			"base": "https://www.iqiyi.com/",
			"episode": [
				{"title": "1. 夏金兰被入室杀害", "url": "v_1eldg8u3r08.html"},
				{"title": "2. 夏木加入重案队", "url": "v_u6d44boryw.html"},
				{"title": "3. 冷队夏木找到沈雨", "url": "v_23i1cyk4kg4.html"},
				{"title": "4. 肖华军坠楼身亡", "url": "v_13y5vv65bck.html"},
				{"title": "5. 沈雨开始调查夏木", "url": "v_nkni84dvy0.html"},
				{"title": "6. 冷小兵发现夏木偷卷宗", "url": "v_a8945kg8w4.html"},
				{"title": "7. 沈雨监视夏木生活", "url": "v_kzpfu4700k.html"},
				{"title": "8. 沈雨对何伟光进行诱导", "url": "v_1ujk3e76u94.html"},
				{"title": "9. 沈雨对何伟光洗脑成功", "url": "v_14bbcteq2oc.html"},
				{"title": "10. 夏木发现自己被监控", "url": "v_15q2xyuzp4k.html"},
				{"title": "11. 海舟案疑再现", "url": "v_r6cv2qgy7w.html"},
				{"title": "12. 重案队找到沈海洋", "url": "v_1kwagrileb8.html"},
				{"title": "13. 沈雨发现自己被监视", "url": "v_1fdl09xym6w.html"},
				{"title": "14. 线索指向凶手精通摄影", "url": "v_1aaht27zaps.html"},
				{"title": "15. 沈雨寻求警队保护", "url": "v_1pgsfm5sen4.html"},
				{"title": "16. 胡山泉劫持沈雨", "url": "v_1ci23twzpzk.html"}
			]
		},
		{
			"name": "功勋",
			"base": "https://www.iqiyi.com/",
			"episode": [
				{"title": "1. 李延年作战建议获准", "url": "v_1nvdvo5c4os.html"},
				{"title": "2. 李延年发动深夜袭扰", "url": "v_yv1lt50pdw.html"},
				{"title": "3. 李延年执行秘密任务", "url": "v_2biixysxx88.html"},
				{"title": "4. 李延年假装被绑架", "url": "v_jew5c26f04.html"},
				{"title": "5. 李延年击退敌军进攻", "url": "v_25cqqgqqkyc.html"},
				{"title": "6. 战士们赢得战争胜利", "url": "v_zvxgzxrld4.html"},
				{"title": "7. 于敏加入氢弹小组", "url": "v_22jp98vk7r4.html"},
				{"title": "8. 于敏成功攻克难题", "url": "v_b47tj7qvnk.html"},
				{"title": "9. 于敏因过度疲劳晕倒", "url": "v_1j7acu4sflg.html"},
				{"title": "10. 氢弹理论工作完成", "url": "v_15ifjp2qypc.html"},
				{"title": "11. 氢弹制造工作展开", "url": "v_1m47mcqjn0k.html"},
				{"title": "12. 氢弹成功引爆", "url": "v_267ya1qmac4.html"},
				{"title": "13. 张富清解决粮食供应", "url": "v_13mbmteoqts.html"},
				{"title": "14. 张富清带头爬吊索", "url": "v_1ea1n1ri33c.html"},
				{"title": "15. 孙玉兰辞去工作", "url": "v_i67spsmcnw.html"},
				{"title": "16. 张富清带领乡亲修路", "url": "v_1d7rcjqvovw.html"},
				{"title": "17. 张富清光荣退休", "url": "v_qtvkegto48.html"},
				{"title": "18. 张富清曾立下一等功", "url": "v_16t1e0s0t10.html"},
				{"title": "19. 黄旭华建造核潜艇", "url": "v_f5unp91gbw.html"},
				{"title": "20. 黄旭华过家门而不入", "url": "v_dx8mrb5sjo.html"},
				{"title": "21. 重启核潜艇项目", "url": "v_23kmgooirvw.html"},
				{"title": "22. 研发团队搬到福禄岛", "url": "v_dyyo00qr0s.html"},
				{"title": "23. 核潜艇研究环境困难", "url": "v_j1pc47b85s.html"},
				{"title": "24. 核潜艇试验成功", "url": "v_1dsnz84gkiw.html"},
				{"title": "25. 申纪兰嫁到西沟村", "url": "v_13a8lvge9ao.html"},
				{"title": "26. 申纪兰成立纺花组", "url": "v_22qy8qz7df4.html"},
				{"title": "27. 申纪兰成立互助组", "url": "v_s31q3exgxs.html"},
				{"title": "28. 申纪兰学习新法接生", "url": "v_28s2g6h5waw.html"},
				{"title": "29. 申纪兰带领村民种树", "url": "v_1ob1wr6q0l0.html"},
				{"title": "30. 申纪兰成为人大代表", "url": "v_19v4u8zk8p4.html"},
				{"title": "31. 孙家栋苏联学成归国", "url": "v_13jun9wabfk.html"},
				{"title": "32. 孙家栋参与导弹发射", "url": "v_qz2uabgs1s.html"},
				{"title": "33. 东风二号发射成功", "url": "v_v7c0mfxl7k.html"},
				{"title": "34. 孙家栋接连攻克难题", "url": "v_1c3f102nxtk.html"},
				{"title": "35. 孙家栋昏倒", "url": "v_1wiq7a12c7k.html"},
				{"title": "36. 第一颗卫星成功发射", "url": "v_2be9k8j5rjc.html"},
				{"title": "37. 屠呦呦担任科研组长", "url": "v_1z391u8u6bk.html"},
				{"title": "38. 临床试验失败", "url": "v_18ud8pxpius.html"},
				{"title": "39. 低温提取青蒿", "url": "v_1ezrgrm637s.html"},
				{"title": "40. 屠呦呦重启实验", "url": "v_rsxssi0ai4.html"},
				{"title": "41. 青蒿素研发成功", "url": "v_2b7p76b1p14.html"},
				{"title": "42. 屠呦呦担忧试验结果", "url": "v_h0dfjpkznk.html"},
				{"title": "43. 袁隆平调离教学岗位", "url": "v_dtjw1b5kmg.html"},
				{"title": "44. 袁隆平禾下乘凉梦", "url": "v_s5gwy2fv78.html"},
				{"title": "45. 袁隆平重回农校", "url": "v_1hjhgk96rvo.html"},
				{"title": "46. 袁隆平邓哲结婚", "url": "v_15flq4jcxug.html"},
				{"title": "47. 袁隆平开始南繁北育", "url": "v_2clfp8krjbs.html"},
				{"title": "48. 杂交水稻配套成功", "url": "v_1vi1ubyet7s.html"}
			]
		},
		{
			"name": "江照黎明",
			"base": "https://www.mgtv.com/b/382542/",
			"episode": [
				{"title": "第1集", "url": "15422211.html"},
				{"title": "第2集", "url": "15422226.html"},
				{"title": "第3集", "url": "15422234.html"},
				{"title": "第4集", "url": "15422259.html"},
				{"title": "第5集", "url": "15424939.html"},
				{"title": "第6集", "url": "15424292.html"},
				{"title": "第7集", "url": "15428537.html"},
				{"title": "第8集", "url": "15428547.html"},
				{"title": "第9集", "url": "15446456.html"},
				{"title": "第10集", "url": "15446485.html"},
				{"title": "第11集", "url": "15462978.html"},
				{"title": "第12集", "url": "15462959.html"},
				{"title": "第13集", "url": "15467922.html"},
				{"title": "第14集", "url": "15467926.html"},
				{"title": "第15集", "url": "15501130.html"},
				{"title": "第16集", "url": "15501138.html"},
				{"title": "第17集", "url": "15506736.html"},
				{"title": "第18集", "url": "15506596.html"},
				{"title": "第19集", "url": "15549320.html"},
				{"title": "第20集", "url": "15549351.html"},
				{"title": "第21集", "url": "15553791.html"},
				{"title": "第22集", "url": "15553813.html"},
				{"title": "第23集", "url": "15601016.html"},
				{"title": "第24集", "url": "15601142.html"}
			]
		}
	]
}
